<?xml version="1.0" encoding="UTF-8"?>
<!-- Generated by org.testng.reporters.JUnitReportReporter -->
<testsuite hostname="WM-CNP-BIKRAMS" failures="0" tests="1" name="testcases.HomePageTest" time="40.639" errors="0" timestamp="02 Jul 2023 15:18:01 GMT" skipped="0">
  <testcase classname="testcases.HomePageTest" name="ValidateHomePage" time="40.639"/>
</testsuite> <!-- testcases.HomePageTest -->
